<?xml version="1.0" encoding="UTF-8"?>
<testsuite xmlns:xsi="http://www.w3.org/2001/XMLSchema-instance" xsi:noNamespaceSchemaLocation="https://maven.apache.org/surefire/maven-surefire-plugin/xsd/surefire-test-report.xsd" name="com.vueling.runner.CucumberRunnerTest" time="31.144" tests="1" errors="1" skipped="0" failures="0">
  <properties>
    <property name="sun.desktop" value="windows"/>
    <property name="awt.toolkit" value="sun.awt.windows.WToolkit"/>
    <property name="file.encoding.pkg" value="sun.io"/>
    <property name="java.specification.version" value="1.8"/>
    <property name="sun.cpu.isalist" value="amd64"/>
    <property name="sun.jnu.encoding" value="Cp1252"/>
    <property name="java.class.path" value="C:\Users\rgarciam\Documents\Vueling\target\test-classes;C:\Users\rgarciam\Documents\Vueling\target\classes;C:\Users\rgarciam\.m2\repository\net\masterthought\cucumber-reporting\5.3.0\cucumber-reporting-5.3.0.jar;C:\Users\rgarciam\.m2\repository\com\fasterxml\jackson\core\jackson-databind\2.10.1\jackson-databind-2.10.1.jar;C:\Users\rgarciam\.m2\repository\com\fasterxml\jackson\core\jackson-annotations\2.10.1\jackson-annotations-2.10.1.jar;C:\Users\rgarciam\.m2\repository\com\fasterxml\jackson\core\jackson-core\2.10.1\jackson-core-2.10.1.jar;C:\Users\rgarciam\.m2\repository\com\fasterxml\jackson\datatype\jackson-datatype-jsr310\2.10.1\jackson-datatype-jsr310-2.10.1.jar;C:\Users\rgarciam\.m2\repository\org\apache\velocity\velocity-engine-core\2.1\velocity-engine-core-2.1.jar;C:\Users\rgarciam\.m2\repository\commons-collections\commons-collections\3.2.2\commons-collections-3.2.2.jar;C:\Users\rgarciam\.m2\repository\joda-time\joda-time\2.10.5\joda-time-2.10.5.jar;C:\Users\rgarciam\.m2\repository\org\apache\commons\commons-lang3\3.9\commons-lang3-3.9.jar;C:\Users\rgarciam\.m2\repository\commons-io\commons-io\2.6\commons-io-2.6.jar;C:\Users\rgarciam\.m2\repository\org\codehaus\plexus\plexus-utils\3.3.0\plexus-utils-3.3.0.jar;C:\Users\rgarciam\.m2\repository\org\jsoup\jsoup\1.12.1\jsoup-1.12.1.jar;C:\Users\rgarciam\.m2\repository\com\googlecode\owasp-java-html-sanitizer\owasp-java-html-sanitizer\20191001.1\owasp-java-html-sanitizer-20191001.1.jar;C:\Users\rgarciam\.m2\repository\commons-configuration\commons-configuration\1.10\commons-configuration-1.10.jar;C:\Users\rgarciam\.m2\repository\commons-lang\commons-lang\2.6\commons-lang-2.6.jar;C:\Users\rgarciam\.m2\repository\commons-logging\commons-logging\1.1.1\commons-logging-1.1.1.jar;C:\Users\rgarciam\.m2\repository\io\cucumber\cucumber-java\7.3.4\cucumber-java-7.3.4.jar;C:\Users\rgarciam\.m2\repository\org\apiguardian\apiguardian-api\1.1.2\apiguardian-api-1.1.2.jar;C:\Users\rgarciam\.m2\repository\io\cucumber\cucumber-junit\7.3.4\cucumber-junit-7.3.4.jar;C:\Users\rgarciam\.m2\repository\io\cucumber\cucumber-core\7.3.4\cucumber-core-7.3.4.jar;C:\Users\rgarciam\.m2\repository\io\cucumber\cucumber-gherkin\7.3.4\cucumber-gherkin-7.3.4.jar;C:\Users\rgarciam\.m2\repository\io\cucumber\cucumber-gherkin-messages\7.3.4\cucumber-gherkin-messages-7.3.4.jar;C:\Users\rgarciam\.m2\repository\io\cucumber\gherkin\23.0.1\gherkin-23.0.1.jar;C:\Users\rgarciam\.m2\repository\io\cucumber\messages\18.0.0\messages-18.0.0.jar;C:\Users\rgarciam\.m2\repository\io\cucumber\tag-expressions\4.1.0\tag-expressions-4.1.0.jar;C:\Users\rgarciam\.m2\repository\io\cucumber\cucumber-expressions\15.1.1\cucumber-expressions-15.1.1.jar;C:\Users\rgarciam\.m2\repository\io\cucumber\datatable\7.3.4\datatable-7.3.4.jar;C:\Users\rgarciam\.m2\repository\io\cucumber\cucumber-plugin\7.3.4\cucumber-plugin-7.3.4.jar;C:\Users\rgarciam\.m2\repository\io\cucumber\docstring\7.3.4\docstring-7.3.4.jar;C:\Users\rgarciam\.m2\repository\io\cucumber\html-formatter\19.1.0\html-formatter-19.1.0.jar;C:\Users\rgarciam\.m2\repository\io\cucumber\ci-environment\9.0.4\ci-environment-9.0.4.jar;C:\Users\rgarciam\.m2\repository\org\seleniumhq\selenium\selenium-java\3.141.59\selenium-java-3.141.59.jar;C:\Users\rgarciam\.m2\repository\org\seleniumhq\selenium\selenium-chrome-driver\3.141.59\selenium-chrome-driver-3.141.59.jar;C:\Users\rgarciam\.m2\repository\org\seleniumhq\selenium\selenium-edge-driver\3.141.59\selenium-edge-driver-3.141.59.jar;C:\Users\rgarciam\.m2\repository\org\seleniumhq\selenium\selenium-firefox-driver\3.141.59\selenium-firefox-driver-3.141.59.jar;C:\Users\rgarciam\.m2\repository\org\seleniumhq\selenium\selenium-ie-driver\3.141.59\selenium-ie-driver-3.141.59.jar;C:\Users\rgarciam\.m2\repository\org\seleniumhq\selenium\selenium-opera-driver\3.141.59\selenium-opera-driver-3.141.59.jar;C:\Users\rgarciam\.m2\repository\org\seleniumhq\selenium\selenium-safari-driver\3.141.59\selenium-safari-driver-3.141.59.jar;C:\Users\rgarciam\.m2\repository\net\bytebuddy\byte-buddy\1.8.15\byte-buddy-1.8.15.jar;C:\Users\rgarciam\.m2\repository\org\seleniumhq\selenium\selenium-remote-driver\3.141.59\selenium-remote-driver-3.141.59.jar;C:\Users\rgarciam\.m2\repository\org\seleniumhq\selenium\selenium-api\3.141.59\selenium-api-3.141.59.jar;C:\Users\rgarciam\.m2\repository\org\seleniumhq\selenium\selenium-support\3.141.59\selenium-support-3.141.59.jar;C:\Users\rgarciam\.m2\repository\io\github\bonigarcia\webdrivermanager\5.0.3\webdrivermanager-5.0.3.jar;C:\Users\rgarciam\.m2\repository\com\google\code\gson\gson\2.8.8\gson-2.8.8.jar;C:\Users\rgarciam\.m2\repository\com\github\docker-java\docker-java\3.2.12\docker-java-3.2.12.jar;C:\Users\rgarciam\.m2\repository\com\github\docker-java\docker-java-core\3.2.12\docker-java-core-3.2.12.jar;C:\Users\rgarciam\.m2\repository\com\github\docker-java\docker-java-api\3.2.12\docker-java-api-3.2.12.jar;C:\Users\rgarciam\.m2\repository\org\apache\commons\commons-compress\1.21\commons-compress-1.21.jar;C:\Users\rgarciam\.m2\repository\org\bouncycastle\bcpkix-jdk15on\1.64\bcpkix-jdk15on-1.64.jar;C:\Users\rgarciam\.m2\repository\org\bouncycastle\bcprov-jdk15on\1.64\bcprov-jdk15on-1.64.jar;C:\Users\rgarciam\.m2\repository\org\slf4j\jcl-over-slf4j\1.7.30\jcl-over-slf4j-1.7.30.jar;C:\Users\rgarciam\.m2\repository\com\github\docker-java\docker-java-transport-httpclient5\3.2.12\docker-java-transport-httpclient5-3.2.12.jar;C:\Users\rgarciam\.m2\repository\com\github\docker-java\docker-java-transport\3.2.12\docker-java-transport-3.2.12.jar;C:\Users\rgarciam\.m2\repository\org\apache\httpcomponents\client5\httpclient5\5.0.3\httpclient5-5.0.3.jar;C:\Users\rgarciam\.m2\repository\org\apache\httpcomponents\core5\httpcore5\5.0.2\httpcore5-5.0.2.jar;C:\Users\rgarciam\.m2\repository\commons-codec\commons-codec\1.13\commons-codec-1.13.jar;C:\Users\rgarciam\.m2\repository\net\java\dev\jna\jna\5.8.0\jna-5.8.0.jar;C:\Users\rgarciam\.m2\repository\org\brotli\dec\0.1.2\dec-0.1.2.jar;C:\Users\rgarciam\.m2\repository\com\google\guava\guava\25.0-jre\guava-25.0-jre.jar;C:\Users\rgarciam\.m2\repository\com\google\code\findbugs\jsr305\1.3.9\jsr305-1.3.9.jar;C:\Users\rgarciam\.m2\repository\org\checkerframework\checker-compat-qual\2.0.0\checker-compat-qual-2.0.0.jar;C:\Users\rgarciam\.m2\repository\com\google\errorprone\error_prone_annotations\2.1.3\error_prone_annotations-2.1.3.jar;C:\Users\rgarciam\.m2\repository\com\google\j2objc\j2objc-annotations\1.1\j2objc-annotations-1.1.jar;C:\Users\rgarciam\.m2\repository\org\codehaus\mojo\animal-sniffer-annotations\1.14\animal-sniffer-annotations-1.14.jar;C:\Users\rgarciam\.m2\repository\com\squareup\okhttp3\okhttp\3.11.0\okhttp-3.11.0.jar;C:\Users\rgarciam\.m2\repository\com\squareup\okio\okio\1.14.0\okio-1.14.0.jar;C:\Users\rgarciam\.m2\repository\org\apache\commons\commons-exec\1.3\commons-exec-1.3.jar;C:\Users\rgarciam\.m2\repository\junit\junit\4.13.2\junit-4.13.2.jar;C:\Users\rgarciam\.m2\repository\org\hamcrest\hamcrest-core\1.3\hamcrest-core-1.3.jar;C:\Users\rgarciam\.m2\repository\org\hamcrest\hamcrest-library\1.3\hamcrest-library-1.3.jar;C:\Users\rgarciam\.m2\repository\org\slf4j\slf4j-api\1.7.36\slf4j-api-1.7.36.jar;C:\Users\rgarciam\.m2\repository\org\slf4j\slf4j-simple\1.7.36\slf4j-simple-1.7.36.jar;C:\Users\rgarciam\.m2\repository\org\projectlombok\lombok\1.18.24\lombok-1.18.24.jar;C:\Users\rgarciam\.m2\repository\com\googlecode\json-simple\json-simple\1.1.1\json-simple-1.1.1.jar;"/>
    <property name="java.vm.vendor" value="Oracle Corporation"/>
    <property name="sun.arch.data.model" value="64"/>
    <property name="user.variant" value=""/>
    <property name="java.vendor.url" value="http://java.oracle.com/"/>
    <property name="user.timezone" value="Europe/Paris"/>
    <property name="java.vm.specification.version" value="1.8"/>
    <property name="os.name" value="Windows 10"/>
    <property name="user.country" value="ES"/>
    <property name="sun.java.launcher" value="SUN_STANDARD"/>
    <property name="sun.boot.library.path" value="C:\Program Files\Java\jdk1.8.0_333\jre\bin"/>
    <property name="sun.java.command" value="C:\Users\rgarciam\AppData\Local\Temp\surefire4509590842737805442\surefirebooter5070522909587475487.jar C:\Users\rgarciam\AppData\Local\Temp\surefire4509590842737805442 2022-07-28T13-51-00_738-jvmRun1 surefire8180093736998634298tmp surefire_08529284893546935989tmp"/>
    <property name="surefire.test.class.path" value="C:\Users\rgarciam\Documents\Vueling\target\test-classes;C:\Users\rgarciam\Documents\Vueling\target\classes;C:\Users\rgarciam\.m2\repository\net\masterthought\cucumber-reporting\5.3.0\cucumber-reporting-5.3.0.jar;C:\Users\rgarciam\.m2\repository\com\fasterxml\jackson\core\jackson-databind\2.10.1\jackson-databind-2.10.1.jar;C:\Users\rgarciam\.m2\repository\com\fasterxml\jackson\core\jackson-annotations\2.10.1\jackson-annotations-2.10.1.jar;C:\Users\rgarciam\.m2\repository\com\fasterxml\jackson\core\jackson-core\2.10.1\jackson-core-2.10.1.jar;C:\Users\rgarciam\.m2\repository\com\fasterxml\jackson\datatype\jackson-datatype-jsr310\2.10.1\jackson-datatype-jsr310-2.10.1.jar;C:\Users\rgarciam\.m2\repository\org\apache\velocity\velocity-engine-core\2.1\velocity-engine-core-2.1.jar;C:\Users\rgarciam\.m2\repository\commons-collections\commons-collections\3.2.2\commons-collections-3.2.2.jar;C:\Users\rgarciam\.m2\repository\joda-time\joda-time\2.10.5\joda-time-2.10.5.jar;C:\Users\rgarciam\.m2\repository\org\apache\commons\commons-lang3\3.9\commons-lang3-3.9.jar;C:\Users\rgarciam\.m2\repository\commons-io\commons-io\2.6\commons-io-2.6.jar;C:\Users\rgarciam\.m2\repository\org\codehaus\plexus\plexus-utils\3.3.0\plexus-utils-3.3.0.jar;C:\Users\rgarciam\.m2\repository\org\jsoup\jsoup\1.12.1\jsoup-1.12.1.jar;C:\Users\rgarciam\.m2\repository\com\googlecode\owasp-java-html-sanitizer\owasp-java-html-sanitizer\20191001.1\owasp-java-html-sanitizer-20191001.1.jar;C:\Users\rgarciam\.m2\repository\commons-configuration\commons-configuration\1.10\commons-configuration-1.10.jar;C:\Users\rgarciam\.m2\repository\commons-lang\commons-lang\2.6\commons-lang-2.6.jar;C:\Users\rgarciam\.m2\repository\commons-logging\commons-logging\1.1.1\commons-logging-1.1.1.jar;C:\Users\rgarciam\.m2\repository\io\cucumber\cucumber-java\7.3.4\cucumber-java-7.3.4.jar;C:\Users\rgarciam\.m2\repository\org\apiguardian\apiguardian-api\1.1.2\apiguardian-api-1.1.2.jar;C:\Users\rgarciam\.m2\repository\io\cucumber\cucumber-junit\7.3.4\cucumber-junit-7.3.4.jar;C:\Users\rgarciam\.m2\repository\io\cucumber\cucumber-core\7.3.4\cucumber-core-7.3.4.jar;C:\Users\rgarciam\.m2\repository\io\cucumber\cucumber-gherkin\7.3.4\cucumber-gherkin-7.3.4.jar;C:\Users\rgarciam\.m2\repository\io\cucumber\cucumber-gherkin-messages\7.3.4\cucumber-gherkin-messages-7.3.4.jar;C:\Users\rgarciam\.m2\repository\io\cucumber\gherkin\23.0.1\gherkin-23.0.1.jar;C:\Users\rgarciam\.m2\repository\io\cucumber\messages\18.0.0\messages-18.0.0.jar;C:\Users\rgarciam\.m2\repository\io\cucumber\tag-expressions\4.1.0\tag-expressions-4.1.0.jar;C:\Users\rgarciam\.m2\repository\io\cucumber\cucumber-expressions\15.1.1\cucumber-expressions-15.1.1.jar;C:\Users\rgarciam\.m2\repository\io\cucumber\datatable\7.3.4\datatable-7.3.4.jar;C:\Users\rgarciam\.m2\repository\io\cucumber\cucumber-plugin\7.3.4\cucumber-plugin-7.3.4.jar;C:\Users\rgarciam\.m2\repository\io\cucumber\docstring\7.3.4\docstring-7.3.4.jar;C:\Users\rgarciam\.m2\repository\io\cucumber\html-formatter\19.1.0\html-formatter-19.1.0.jar;C:\Users\rgarciam\.m2\repository\io\cucumber\ci-environment\9.0.4\ci-environment-9.0.4.jar;C:\Users\rgarciam\.m2\repository\org\seleniumhq\selenium\selenium-java\3.141.59\selenium-java-3.141.59.jar;C:\Users\rgarciam\.m2\repository\org\seleniumhq\selenium\selenium-chrome-driver\3.141.59\selenium-chrome-driver-3.141.59.jar;C:\Users\rgarciam\.m2\repository\org\seleniumhq\selenium\selenium-edge-driver\3.141.59\selenium-edge-driver-3.141.59.jar;C:\Users\rgarciam\.m2\repository\org\seleniumhq\selenium\selenium-firefox-driver\3.141.59\selenium-firefox-driver-3.141.59.jar;C:\Users\rgarciam\.m2\repository\org\seleniumhq\selenium\selenium-ie-driver\3.141.59\selenium-ie-driver-3.141.59.jar;C:\Users\rgarciam\.m2\repository\org\seleniumhq\selenium\selenium-opera-driver\3.141.59\selenium-opera-driver-3.141.59.jar;C:\Users\rgarciam\.m2\repository\org\seleniumhq\selenium\selenium-safari-driver\3.141.59\selenium-safari-driver-3.141.59.jar;C:\Users\rgarciam\.m2\repository\net\bytebuddy\byte-buddy\1.8.15\byte-buddy-1.8.15.jar;C:\Users\rgarciam\.m2\repository\org\seleniumhq\selenium\selenium-remote-driver\3.141.59\selenium-remote-driver-3.141.59.jar;C:\Users\rgarciam\.m2\repository\org\seleniumhq\selenium\selenium-api\3.141.59\selenium-api-3.141.59.jar;C:\Users\rgarciam\.m2\repository\org\seleniumhq\selenium\selenium-support\3.141.59\selenium-support-3.141.59.jar;C:\Users\rgarciam\.m2\repository\io\github\bonigarcia\webdrivermanager\5.0.3\webdrivermanager-5.0.3.jar;C:\Users\rgarciam\.m2\repository\com\google\code\gson\gson\2.8.8\gson-2.8.8.jar;C:\Users\rgarciam\.m2\repository\com\github\docker-java\docker-java\3.2.12\docker-java-3.2.12.jar;C:\Users\rgarciam\.m2\repository\com\github\docker-java\docker-java-core\3.2.12\docker-java-core-3.2.12.jar;C:\Users\rgarciam\.m2\repository\com\github\docker-java\docker-java-api\3.2.12\docker-java-api-3.2.12.jar;C:\Users\rgarciam\.m2\repository\org\apache\commons\commons-compress\1.21\commons-compress-1.21.jar;C:\Users\rgarciam\.m2\repository\org\bouncycastle\bcpkix-jdk15on\1.64\bcpkix-jdk15on-1.64.jar;C:\Users\rgarciam\.m2\repository\org\bouncycastle\bcprov-jdk15on\1.64\bcprov-jdk15on-1.64.jar;C:\Users\rgarciam\.m2\repository\org\slf4j\jcl-over-slf4j\1.7.30\jcl-over-slf4j-1.7.30.jar;C:\Users\rgarciam\.m2\repository\com\github\docker-java\docker-java-transport-httpclient5\3.2.12\docker-java-transport-httpclient5-3.2.12.jar;C:\Users\rgarciam\.m2\repository\com\github\docker-java\docker-java-transport\3.2.12\docker-java-transport-3.2.12.jar;C:\Users\rgarciam\.m2\repository\org\apache\httpcomponents\client5\httpclient5\5.0.3\httpclient5-5.0.3.jar;C:\Users\rgarciam\.m2\repository\org\apache\httpcomponents\core5\httpcore5\5.0.2\httpcore5-5.0.2.jar;C:\Users\rgarciam\.m2\repository\commons-codec\commons-codec\1.13\commons-codec-1.13.jar;C:\Users\rgarciam\.m2\repository\net\java\dev\jna\jna\5.8.0\jna-5.8.0.jar;C:\Users\rgarciam\.m2\repository\org\brotli\dec\0.1.2\dec-0.1.2.jar;C:\Users\rgarciam\.m2\repository\com\google\guava\guava\25.0-jre\guava-25.0-jre.jar;C:\Users\rgarciam\.m2\repository\com\google\code\findbugs\jsr305\1.3.9\jsr305-1.3.9.jar;C:\Users\rgarciam\.m2\repository\org\checkerframework\checker-compat-qual\2.0.0\checker-compat-qual-2.0.0.jar;C:\Users\rgarciam\.m2\repository\com\google\errorprone\error_prone_annotations\2.1.3\error_prone_annotations-2.1.3.jar;C:\Users\rgarciam\.m2\repository\com\google\j2objc\j2objc-annotations\1.1\j2objc-annotations-1.1.jar;C:\Users\rgarciam\.m2\repository\org\codehaus\mojo\animal-sniffer-annotations\1.14\animal-sniffer-annotations-1.14.jar;C:\Users\rgarciam\.m2\repository\com\squareup\okhttp3\okhttp\3.11.0\okhttp-3.11.0.jar;C:\Users\rgarciam\.m2\repository\com\squareup\okio\okio\1.14.0\okio-1.14.0.jar;C:\Users\rgarciam\.m2\repository\org\apache\commons\commons-exec\1.3\commons-exec-1.3.jar;C:\Users\rgarciam\.m2\repository\junit\junit\4.13.2\junit-4.13.2.jar;C:\Users\rgarciam\.m2\repository\org\hamcrest\hamcrest-core\1.3\hamcrest-core-1.3.jar;C:\Users\rgarciam\.m2\repository\org\hamcrest\hamcrest-library\1.3\hamcrest-library-1.3.jar;C:\Users\rgarciam\.m2\repository\org\slf4j\slf4j-api\1.7.36\slf4j-api-1.7.36.jar;C:\Users\rgarciam\.m2\repository\org\slf4j\slf4j-simple\1.7.36\slf4j-simple-1.7.36.jar;C:\Users\rgarciam\.m2\repository\org\projectlombok\lombok\1.18.24\lombok-1.18.24.jar;C:\Users\rgarciam\.m2\repository\com\googlecode\json-simple\json-simple\1.1.1\json-simple-1.1.1.jar;"/>
    <property name="sun.cpu.endian" value="little"/>
    <property name="user.home" value="C:\Users\rgarciam"/>
    <property name="user.language" value="es"/>
    <property name="java.specification.vendor" value="Oracle Corporation"/>
    <property name="java.home" value="C:\Program Files\Java\jdk1.8.0_333\jre"/>
    <property name="basedir" value="C:\Users\rgarciam\Documents\Vueling"/>
    <property name="file.separator" value="\"/>
    <property name="line.separator" value="&#10;"/>
    <property name="java.vm.specification.vendor" value="Oracle Corporation"/>
    <property name="java.specification.name" value="Java Platform API Specification"/>
    <property name="java.awt.graphicsenv" value="sun.awt.Win32GraphicsEnvironment"/>
    <property name="surefire.real.class.path" value="C:\Users\rgarciam\AppData\Local\Temp\surefire4509590842737805442\surefirebooter5070522909587475487.jar"/>
    <property name="sun.boot.class.path" value="C:\Program Files\Java\jdk1.8.0_333\jre\lib\resources.jar;C:\Program Files\Java\jdk1.8.0_333\jre\lib\rt.jar;C:\Program Files\Java\jdk1.8.0_333\jre\lib\sunrsasign.jar;C:\Program Files\Java\jdk1.8.0_333\jre\lib\jsse.jar;C:\Program Files\Java\jdk1.8.0_333\jre\lib\jce.jar;C:\Program Files\Java\jdk1.8.0_333\jre\lib\charsets.jar;C:\Program Files\Java\jdk1.8.0_333\jre\lib\jfr.jar;C:\Program Files\Java\jdk1.8.0_333\jre\classes"/>
    <property name="user.script" value=""/>
    <property name="sun.management.compiler" value="HotSpot 64-Bit Tiered Compilers"/>
    <property name="java.runtime.version" value="1.8.0_333-b02"/>
    <property name="user.name" value="rgarciam"/>
    <property name="path.separator" value=";"/>
    <property name="os.version" value="10.0"/>
    <property name="java.endorsed.dirs" value="C:\Program Files\Java\jdk1.8.0_333\jre\lib\endorsed"/>
    <property name="java.runtime.name" value="Java(TM) SE Runtime Environment"/>
    <property name="file.encoding" value="Cp1252"/>
    <property name="java.vm.name" value="Java HotSpot(TM) 64-Bit Server VM"/>
    <property name="localRepository" value="C:\Users\rgarciam\.m2\repository"/>
    <property name="java.vendor.url.bug" value="http://bugreport.sun.com/bugreport/"/>
    <property name="java.io.tmpdir" value="C:\Users\rgarciam\AppData\Local\Temp\"/>
    <property name="java.version" value="1.8.0_333"/>
    <property name="user.dir" value="C:\Users\rgarciam\Documents\Vueling"/>
    <property name="os.arch" value="amd64"/>
    <property name="java.vm.specification.name" value="Java Virtual Machine Specification"/>
    <property name="java.awt.printerjob" value="sun.awt.windows.WPrinterJob"/>
    <property name="sun.os.patch.level" value=""/>
    <property name="java.library.path" value="C:\Program Files\Java\jdk1.8.0_333\jre\bin;C:\Windows\Sun\Java\bin;C:\Windows\system32;C:\Windows;C:\Program Files (x86)\Common Files\Oracle\Java\javapath;C:\Windows\system32;C:\Windows;C:\Windows\System32\Wbem;C:\Windows\System32\WindowsPowerShell\v1.0\;C:\Windows\System32\OpenSSH\;C:\Program Files\Git\cmd;C:\maven\apache-maven-3.6.3-bin\apache-maven-3.6.3\bin;%JAVA_HOME%\bin;C:\Program Files\nodejs\;%ANDROID_HOME%\platform-tools;%ANDROID_HOME%\cmdline-tools;%ANDROID_HOME%\cmdline-tools\latest\bin;%ANDROID_HOME%\platforms;C:\Program Files (x86)\Intel\Intel(R) Management Engine Components\DAL;C:\Program Files\Intel\Intel(R) Management Engine Components\DAL;C:\Users\rgarciam\AppData\Local\Microsoft\WindowsApps;C:\Users\rgarciam\AppData\Roaming\npm;."/>
    <property name="java.vm.info" value="mixed mode"/>
    <property name="java.vendor" value="Oracle Corporation"/>
    <property name="java.vm.version" value="25.333-b02"/>
    <property name="java.ext.dirs" value="C:\Program Files\Java\jdk1.8.0_333\jre\lib\ext;C:\Windows\Sun\Java\lib\ext"/>
    <property name="sun.io.unicode.encoding" value="UnicodeLittle"/>
    <property name="java.class.version" value="52.0"/>
  </properties>
  <testcase name="(Automate Vueling&apos;s ticket selling web)" classname="Automate Vueling&apos;s ticket selling web" time="28.894">
    <error message="Index: 6, Size: 0" type="java.lang.IndexOutOfBoundsException">java.lang.IndexOutOfBoundsException: Index: 6, Size: 0
</error>
    <system-err><![CDATA[[main] INFO com.vueling.support.Hooks - Starting 
[main] INFO com.vueling.manager.DriverFactory - Initializing Selenium Driver
[main] INFO io.github.bonigarcia.wdm.WebDriverManager - Using chromedriver 103.0.5060.134 (resolved driver for Chrome 103)
[main] INFO io.github.bonigarcia.wdm.WebDriverManager - Exporting webdriver.chrome.driver as C:\Users\rgarciam\.cache\selenium\chromedriver\win32\103.0.5060.134\chromedriver.exe
Starting ChromeDriver 103.0.5060.134 (8ec6fce403b3feb0869b0732eda8bd95011d333c-refs/branch-heads/5060@{#1262}) on port 48497
Only local connections are allowed.
Please see https://chromedriver.chromium.org/security-considerations for suggestions on keeping ChromeDriver safe.
ChromeDriver was started successfully.
jul 28, 2022 1:51:17 PM org.openqa.selenium.remote.ProtocolHandshake createSession
INFORMACIÓN: Detected dialect: W3C
[main] INFO com.vueling.manager.DriverFactory - Driver is initialized
[main] INFO com.vueling.stepdefs.TicketsVuelingHomeStepsDef - The user is on the Vueling Page
[main] INFO com.vueling.stepdefs.TicketsVuelingHomeStepsDef - The user will select a Return ticket from Barcelona to Madrid
[main] INFO com.vueling.stepdefs.TicketsVuelingHomeStepsDef - The user has selected the departure and return date for the flight.
[main] INFO com.vueling.pages.TicketsVuelingHomePage - The calendar for date selection is visible.
[main] INFO com.vueling.stepdefs.TicketsVuelingHomeStepsDef - The user has selected the departure and return date for the flight.
[main] INFO com.vueling.stepdefs.TicketsVuelingHomeStepsDef - The user has selected the departure and return date for the flight.
[main] INFO com.vueling.stepdefs.ScheduleSelectStepsDef - The user is on the Vueling Page
[main] INFO com.vueling.support.Hooks - Ending 
]]></system-err>
  </testcase>
</testsuite>